<?xml version="1.0" encoding="UTF-8"?>
<!-- Generated by org.testng.reporters.JUnitXMLReporter -->
<testsuite ignored="0" hostname="Joeys-iMac" failures="1" tests="2" name="merchantRateChecking" time="38.314" errors="0" timestamp="2024-05-03T20:54:55 EDT">
  <testcase classname="Tests.seleniumTest" name="Login" time="9.373"/>
  <testcase classname="Tests.seleniumTest" name="clickRateTab" time="12.001">
    <failure type="java.lang.AssertionError" message="expected [Sign in - Google Accounts] but found [FluzCms]">
      <![CDATA[java.lang.AssertionError: expected [Sign in - Google Accounts] but found [FluzCms]
at POM.cmsLogin.searchMerchantRate(cmsLogin.java:68)
at Tests.seleniumTest.clickRateTab(seleniumTest.java:65)
at java.base/java.util.ArrayList.forEach(ArrayList.java:1541)
at com.intellij.rt.testng.IDEARemoteTestNG.run(IDEARemoteTestNG.java:65)
at com.intellij.rt.testng.RemoteTestNGStarter.main(RemoteTestNGStarter.java:105)
... Removed 30 stack frames]]>
    </failure>
  </testcase> <!-- clickRateTab -->
</testsuite> <!-- merchantRateChecking -->
